  Actor.cpp
  Arrow.cpp
  Block.cpp
  CameraComponent.cpp
  Checkpoint.cpp
  Coin.cpp
  CollisionComponent.cpp
  Component.cpp
  Font.cpp
  Game.cpp
  HUD.cpp
  LaserComponent.cpp
  LaserMine.cpp
  LevelLoader.cpp
  Main.cpp
  Math.cpp
  Mesh.cpp
  MeshComponent.cpp
  MoveComponent.cpp
  Player.cpp
  Generating Code...
  Compiling...
  PlayerMove.cpp
  Random.cpp
  Renderer.cpp
  SecurityCamera.cpp
  SecurityCone.cpp
  SegmentCast.cpp
  Shader.cpp
  Texture.cpp
  UIComponent.cpp
  VertexArray.cpp
  Generating Code...
SOIL.lib(image_DXT.obj) : warning LNK4099: PDB 'vc120.pdb' was not found with 'SOIL.lib(image_DXT.obj)' or at 'D:\Projects\New folder\Parkour-s-Edge\Parkour's Edge\Debug\vc120.pdb'; linking object as if no debug info
SOIL.lib(image_helper.obj) : warning LNK4099: PDB 'vc120.pdb' was not found with 'SOIL.lib(image_helper.obj)' or at 'D:\Projects\New folder\Parkour-s-Edge\Parkour's Edge\Debug\vc120.pdb'; linking object as if no debug info
SOIL.lib(SOIL.obj) : warning LNK4099: PDB 'vc120.pdb' was not found with 'SOIL.lib(SOIL.obj)' or at 'D:\Projects\New folder\Parkour-s-Edge\Parkour's Edge\Debug\vc120.pdb'; linking object as if no debug info
SOIL.lib(stb_image_aug.obj) : warning LNK4099: PDB 'vc120.pdb' was not found with 'SOIL.lib(stb_image_aug.obj)' or at 'D:\Projects\New folder\Parkour-s-Edge\Parkour's Edge\Debug\vc120.pdb'; linking object as if no debug info
  Game.vcxproj -> D:\Projects\New folder\Parkour-s-Edge\Parkour's Edge\Debug\Game.exe
  D:\Projects\New folder\Parkour-s-Edge\Parkour's Edge\\..\Libraries\SDL\lib\win\x86\libfreetype-6.dll
  D:\Projects\New folder\Parkour-s-Edge\Parkour's Edge\\..\Libraries\SDL\lib\win\x86\libogg-0.dll
  D:\Projects\New folder\Parkour-s-Edge\Parkour's Edge\\..\Libraries\SDL\lib\win\x86\libpng16-16.dll
  D:\Projects\New folder\Parkour-s-Edge\Parkour's Edge\\..\Libraries\SDL\lib\win\x86\libvorbis-0.dll
  D:\Projects\New folder\Parkour-s-Edge\Parkour's Edge\\..\Libraries\SDL\lib\win\x86\libvorbisfile-3.dll
  D:\Projects\New folder\Parkour-s-Edge\Parkour's Edge\\..\Libraries\SDL\lib\win\x86\SDL2.dll
  D:\Projects\New folder\Parkour-s-Edge\Parkour's Edge\\..\Libraries\SDL\lib\win\x86\SDL2_image.dll
  D:\Projects\New folder\Parkour-s-Edge\Parkour's Edge\\..\Libraries\SDL\lib\win\x86\SDL2_mixer.dll
  D:\Projects\New folder\Parkour-s-Edge\Parkour's Edge\\..\Libraries\SDL\lib\win\x86\SDL2_ttf.dll
  D:\Projects\New folder\Parkour-s-Edge\Parkour's Edge\\..\Libraries\SDL\lib\win\x86\zlib1.dll
  10 File(s) copied
  D:\Projects\New folder\Parkour-s-Edge\Parkour's Edge\\..\Libraries\GLEW\lib\win\x86\glew32.dll
  1 File(s) copied
